<?xml version="1.0" encoding="UTF-8"?>
<!-- Generated by org.testng.reporters.JUnitReportReporter -->
<testsuite hostname="LAPTOP-O2G4TL4Q" failures="0" tests="1" name="com.sdet.myautomationproject.TestngDemo" time="0.010" errors="0" timestamp="2022-03-13T21:39:42 IST" skipped="0">
  <testcase classname="com.sdet.myautomationproject.TestngDemo" name="test1" time="0.010"/>
  <system-out/>
</testsuite> <!-- com.sdet.myautomationproject.TestngDemo -->
