<?xml version="1.0" encoding="UTF-8"?>
<!-- Generated by org.testng.reporters.JUnitReportReporter -->
<testsuite hostname="LAPTOP-O2G4TL4Q" failures="0" tests="1" name="com.sdet.tests.HomePageTest" time="0.144" errors="0" timestamp="2022-03-25T12:37:48 IST" skipped="0">
  <testcase classname="com.sdet.tests.HomePageTest" name="logoVerification" time="0.144"/>
  <system-out/>
</testsuite> <!-- com.sdet.tests.HomePageTest -->
