<?xml version="1.0" encoding="UTF-8"?>
<!-- Generated by org.testng.reporters.JUnitReportReporter -->
<testsuite hostname="LAPTOP-O2G4TL4Q" failures="0" tests="4" name="com.sdet.tests.MyInfoPageTest" time="27.418" errors="0" timestamp="2022-03-25T12:37:48 IST" skipped="0">
  <testcase classname="com.sdet.tests.MyInfoPageTest" name="loginCredCheck" time="3.889"/>
  <system-out/>
  <testcase classname="com.sdet.tests.MyInfoPageTest" name="createEmergencyContact" time="18.619"/>
  <system-out/>
  <testcase classname="com.sdet.tests.MyInfoPageTest" name="delEmergencyContact" time="1.745"/>
  <system-out/>
  <testcase classname="com.sdet.tests.MyInfoPageTest" name="logout" time="3.165"/>
  <system-out/>
</testsuite> <!-- com.sdet.tests.MyInfoPageTest -->
